make.exe all --print-data-base --no-builtin-variables --no-builtin-rules --question
# GNU Make 4.4.1
# Built for Windows32
# Copyright (C) 1988-2023 Free Software Foundation, Inc.
# License GPLv3+: GNU GPL version 3 or later <https://gnu.org/licenses/gpl.html>
# This is free software: you are free to change and redistribute it.
# There is NO WARRANTY, to the extent permitted by law.

# Make data base, printed on Tue Nov 26 12:19:44 2024

# Variables

# environment
SYSTEMDRIVE = C:
# environment
LC_ALL = C
# environment
VSCEXT_EXHORT_SKOPEO_PATH = skopeo
# environment
USERPROFILE = C:\Users\pg850
# environment
LOCALAPPDATA = C:\Users\pg850\AppData\Local
# environment
WSLENV = VSCODE_CLI_REMOTE_ENV/w:ELECTRON_RUN_AS_NODE/w:
# environment
VSCODE_CRASH_REPORTER_PROCESS_TYPE = extensionHost
# environment
VSCODE_CWD = C:\Users\pg850\AppData\Local\Programs\Microsoft VS Code
# environment
VSCEXT_EXHORT_IMAGE_PLATFORM = 
# environment
CHOCOLATEYINSTALL = C:\ProgramData\chocolatey
# environment
SYSTEMROOT = C:\Windows
# environment
PROCESSOR_LEVEL = 6
# environment
PSMODULEPATH = C:\Program Files\WindowsPowerShell\Modules;C:\Windows\system32\WindowsPowerShell\v1.0\Modules
# environment
VSCEXT_EXHORT_GRADLE_PATH = gradle
# environment
VSCEXT_TRACK_RECOMMENDATION_ACCEPTANCE_COMMAND = rhda.trackRecommendationAcceptance
# default
MAKE_COMMAND := C:/ProgramData/chocolatey/lib/make/tools/install/bin/make.exe
# environment
APPLICATIONINSIGHTS_CONFIGURATION_CONTENT = {}
# environment
USERDNSDOMAIN = its.york.ac.uk
# environment
GOPATH = C:\Users\pg850\go
# automatic
@D = $(patsubst %/,%,$(patsubst %\,%,$(dir $@)))
# environment
VSCEXT_EXHORT_SYFT_CONFIG_PATH = 
# environment
CHROME_CRASHPAD_PIPE_NAME = \\.\pipe\crashpad_10480_JDHJCVUXFKARILOT
# environment
VSCEXT_EXHORT_PIP_PATH = pip
# environment
VSCODE_HANDLES_UNCAUGHT_ERRORS = true
# default
.VARIABLES := 
# automatic
%D = $(patsubst %/,%,$(patsubst %\,%,$(dir $%)))
# environment
VSCEXT_EXHORT_MVN_PATH = mvn
# automatic
^D = $(patsubst %/,%,$(patsubst %\,%,$(dir $^)))
# automatic
%F = $(notdir $%)
# environment
VSCODE_CODE_CACHE_PATH = C:\Users\pg850\AppData\Roaming\Code\CachedData\f1a4fb101478ce6ec82fe9627c43efbf9e98c813
# environment
LANG = C
# default
.LOADED := 
# environment
TMP = C:\Users\pg850\AppData\Local\Temp
# default
.INCLUDE_DIRS := .
# environment
PROCESSOR_ARCHITEW6432 = AMD64
# makefile
MAKEFLAGS = pqrR
# environment
ONEDRIVE = C:\Users\pg850\OneDrive
# environment
POWERSHELL_DISTRIBUTION_CHANNEL = MSI:Windows 10 Enterprise
# makefile
CURDIR := c:/Users/pg850/Work/osMUD-UI
# environment
VSCEXT_EXHORT_GO_PATH = go
# environment
APPLICATION_INSIGHTS_NO_DIAGNOSTIC_CHANNEL = 1
# automatic
*D = $(patsubst %/,%,$(patsubst %\,%,$(dir $*)))
# environment
VSCEXT_EXHORT_PYTHON_PATH = python
# environment
PROGRAMFILES = C:\Program Files (x86)
# environment
MFLAGS = -pqrR
# default
.SHELLFLAGS := -c
# environment
COMMONPROGRAMW6432 = C:\Program Files\Common Files
# automatic
+D = $(patsubst %/,%,$(patsubst %\,%,$(dir $+)))
# makefile (from 'Makefile', line 1)
MAKEFILE_LIST := Makefile
# environment
VSCEXT_EXHORT_PODMAN_PATH = podman
# automatic
@F = $(notdir $@)
# environment
VSCODE_PID = 10480
# automatic
?D = $(patsubst %/,%,$(patsubst %\,%,$(dir $?)))
# environment
__PSLOCKDOWNPOLICY = 0
# environment
VSCEXT_EXHORT_PIP3_PATH = pip3
# automatic
*F = $(notdir $*)
# environment
VSCEXT_EXHORT_SYFT_PATH = syft
# environment
VSCODE_CLI_REMOTE_ENV = /tmp/vscode-distro-env.BN4X7l
# automatic
<D = $(patsubst %/,%,$(patsubst %\,%,$(dir $<)))
# environment
VSCODE_NLS_CONFIG = {"userLocale":"en-us","osLocale":"en-gb","resolvedLanguage":"en","defaultMessagesFile":"C:\\Users\\pg850\\AppData\\Local\\Programs\\Microsoft VS Code\\resources\\app\\out\\nls.messages.json","locale":"en-us","availableLanguages":{}}
# default
MAKE_HOST := Windows32
# environment
PROGRAMDATA = C:\ProgramData
# default
SHELL := sh.exe
# environment
HOMEPATH = \Users\pg850
# default
MAKECMDGOALS := all
# environment
DRIVERDATA = C:\Windows\System32\Drivers\DriverData
# environment
COMSPEC = C:\Windows\system32\cmd.exe
# environment
WINDIR = C:\Windows
# environment
MAKELEVEL := 0
# default
MAKE = $(MAKE_COMMAND)
# environment
PATH = C:\Windows\system32;C:\Windows;C:\Windows\System32\Wbem;C:\Windows\System32\WindowsPowerShell\v1.0\;C:\Windows\System32\OpenSSH\;C:\Program Files\dotnet\;C:\Program Files\Microsoft SQL Server\130\Tools\Binn\;C:\Program Files\MiKTeX\miktex\bin\x64\;C:\ProgramData\Anaconda3;C:\ProgramData\Anaconda3\Scripts;C:\Users\pg850\AppData\Roaming\nvm;C:\Program Files\nodejs;C:\Program Files\nodejs\;C:\Program Files\PuTTY\;C:\Program Files\MATLAB\R2024a\runtime\win64;C:\Program Files\MATLAB\R2024a\bin;C:\Program Files\Docker\Docker\resources\bin;C:\ProgramData\chocolatey\bin;C:\Program Files\Go\bin;C:\Program Files\Git\cmd;C:\Program Files\PowerShell\7\;C:\Strawberry\c\bin;C:\Strawberry\perl\site\bin;C:\Strawberry\perl\bin;C:\Ruby31-x64\bin;C:\Ruby32-x64\bin;C:\Users\pg850\AppData\Local\Microsoft\WindowsApps;C:\Users\pg850\AppData\Local\Programs\Microsoft VS Code\bin;C:\Users\pg850\AppData\Roaming\nvm;C:\Users\pg850\AppData\Roaming\npm;C:\Users\pg850\go\bin;C:\Users\pg850\.dotnet\tools
# environment
COMPUTERNAME = UOY22Y177
# default
MAKEFILES := 
# automatic
^F = $(notdir $^)
# environment
PROMPT = $P$G
# environment
CHOCOLATEYLASTPATHUPDATE = 133673283549488681
# environment
VSCEXT_USE_PIP_DEP_TREE = false
# environment
LOGONSERVER = \\UOY22Y177
# environment
VSCEXT_TELEMETRY_ID = 912efb82-f9e9-4dc4-af8e-dd3d77d6a2e2
# environment
USERNAME = pg850
# environment
VSCEXT_EXHORT_DOCKER_PATH = docker
# environment
COMMONPROGRAMFILES = C:\Program Files (x86)\Common Files
# environment
VSCEXT_STACK_ANALYSIS_COMMAND = rhda.stackAnalysis
# automatic
?F = $(notdir $?)
# environment
PROGRAMW6432 = C:\Program Files
# environment
PATHEXT = .COM;.EXE;.BAT;.CMD;.VBS;.VBE;.JS;.JSE;.WSF;.WSH;.MSC;.RB;.RBW
# environment
VSCEXT_EXHORT_NPM_PATH = npm
# automatic
+F = $(notdir $+)
# environment
ORIGINAL_XDG_CURRENT_DESKTOP = undefined
# environment
USERDOMAIN = ITSYORK
# 'override' directive
GNUMAKEFLAGS := 
# environment
OS = Windows_NT
# environment
VSCEXT_EXHORT_SKOPEO_CONFIG_PATH = 
# environment
VSCEXT_USE_PYTHON_VIRTUAL_ENVIRONMENT = false
# environment
VSCEXT_MATCH_MANIFEST_VERSIONS = true
# makefile
.DEFAULT_GOAL := all
# environment
NVM_HOME = C:\Users\pg850\AppData\Roaming\nvm
# environment
VSCEXT_VULNERABILITY_ALERT_SEVERITY = Error
# default
MAKE_VERSION := 4.4.1
# environment
VSCEXT_UTM_SOURCE = vscode
# environment
PROGRAMFILES(X86) = C:\Program Files (x86)
# environment
UATDATA = C:\Windows\CCM\UATData\D9F8C395-CAB8-491d-B8AC-179A1FE1BE77
# environment
USERDOMAIN_ROAMINGPROFILE = ITSYORK
# environment
NUMBER_OF_PROCESSORS = 8
# environment
PUBLIC = C:\Users\Public
# environment
APPDATA = C:\Users\pg850\AppData\Roaming
# environment
HOMEDRIVE = C:
# environment
NVM_SYMLINK = C:\Program Files\nodejs
# environment
PROCESSOR_ARCHITECTURE = x86
# environment
VSCEXT_EXHORT_PYTHON3_PATH = python3
# environment
VSCODE_DOTNET_INSTALL_TOOL_ORIGINAL_HOME = undefined
# environment
VSCEXT_ENABLE_PYTHON_BEST_EFFORTS_INSTALLATION = false
# makefile (from 'Makefile', line 2)
BUILD_DIR = bin
# environment
COMMONPROGRAMFILES(X86) = C:\Program Files (x86)\Common Files
# environment
ELECTRON_RUN_AS_NODE = 1
# environment
TEMP = C:\Users\pg850\AppData\Local\Temp
# environment
VSCODE_IPC_HOOK = \\.\pipe\bde26f95-1.95.3-main-sock
# environment
VSCEXT_USE_GO_MVS = false
# default
.RECIPEPREFIX := 
# automatic
<F = $(notdir $<)
# default
SUFFIXES := 
# environment
ALLUSERSPROFILE = C:\ProgramData
# environment
VSCODE_CLI = 1
# environment
ELECTRON_NO_ATTACH_CONSOLE = 1
# default
.FEATURES := target-specific order-only second-expansion else-if shortest-stem undefine oneshell nocomment grouped-target extra-prereqs notintermediate shell-export archives jobserver output-sync load dospaths
# environment
PROCESSOR_REVISION = 8c01
# environment
VSCODE_ESM_ENTRYPOINT = vs/workbench/api/node/extensionHostProcess
# environment
__TELEMETRY_CLIENT_ID = 454a9296-62ee-4a94-8cfb-ce77bf191274
# environment
PROCESSOR_IDENTIFIER = Intel64 Family 6 Model 140 Stepping 1, GenuineIntel
# variable set hash-table stats:
# Load=129/1024=13%, Rehash=0, Collisions=10/161=6%

# Pattern-specific Variable Values

# No pattern-specific variable values.

# Directories

# . (key c:/Users/pg850/Work/osMUD-UI, mtime 1732621884): 17 files, no impossibilities.

# 17 files, no impossibilities in 1 directories.

# Implicit Rules

# No implicit rules.

# Files

# Not a target:
Makefile:
#  Implicit rule search has been done.
#  File is secondary (prerequisite of .SECONDARY).
#  Last modified 2024-11-26 11:55:09
#  File has been updated.
#  Successfully updated.

clean:
#  Implicit rule search has not been done.
#  Modification time never checked.
#  File has not been updated.
#  recipe to execute (from 'Makefile', line 15):
	mkdir -p ${BUILD_DIR}
	rm -r ${BUILD_DIR}

# Not a target:
.DEFAULT:
#  Implicit rule search has not been done.
#  Modification time never checked.
#  File has not been updated.

all: dhcp_mock.build api.build
#  Command line target.
#  Implicit rule search has been done.
#  File does not exist.
#  File has been updated.
#  Needs to be updated (-q is set).
# variable set hash-table stats:
# Load=0/32=0%, Rehash=0, Collisions=0/4=0%

api.build:
#  Implicit rule search has not been done.
#  Modification time never checked.
#  File has not been updated.
#  recipe to execute (from 'Makefile', line 10):
	env CC=arm-linux-gnueabi-gcc CGO_ENABLED=1 GOOS=linux GOARCH=arm GOARM=7  \
                go build -o ${BUILD_DIR}/api -ldflags "-linkmode 'external' -extldflags '-static'"\
                -tags sqlite_omit_load_extension ./api

dhcp_mock.build:
#  Implicit rule search has not been done.
#  Implicit/static pattern stem: ''
#  File does not exist.
#  File has been updated.
#  Needs to be updated (-q is set).
# automatic
# @ := dhcp_mock.build
# automatic
# * := 
# automatic
# < := 
# automatic
# + := 
# automatic
# % := 
# automatic
# ^ := 
# automatic
# ? := 
# automatic
# | := 
# variable set hash-table stats:
# Load=8/32=25%, Rehash=0, Collisions=2/12=17%
#  recipe to execute (from 'Makefile', line 7):
	go build -o ${BUILD_DIR}/dhcp_mock ./tools/dhcp_mock

# Not a target:
.SUFFIXES:
#  Implicit rule search has not been done.
#  Modification time never checked.
#  File has not been updated.

# files hash-table stats:
# Load=7/1024=1%, Rehash=0, Collisions=0/24=0%
# VPATH Search Paths

# No 'vpath' search paths.

# No general ('VPATH' variable) search path.

# strcache buffers: 1 (0) / strings = 23 / storage = 183 B / avg = 7 B
# current buf: size = 8174 B / used = 183 B / count = 23 / avg = 7 B

# strcache performance: lookups = 35 / hit rate = 34%
# hash-table stats:
# Load=23/8192=0%, Rehash=0, Collisions=0/35=0%
# Finished Make data base on Tue Nov 26 12:19:44 2024

 
